<?xml version="1.0" encoding="UTF-8"?>
<coverage generated="1740401578233" clover="3.2.0">
  <project timestamp="1740401578233" name="All files">
    <metrics statements="18" coveredstatements="0" conditionals="3" coveredconditionals="0" methods="5" coveredmethods="0" elements="26" coveredelements="0" complexity="0" loc="18" ncloc="18" packages="1" files="3" classes="3"/>
    <file name="useSearchParams.ts" path="/Users/joseoliveira/Desktop/Projects/packages/react-search-params/src/lib/hooks/useSearchParams.ts">
      <metrics statements="10" coveredstatements="0" conditionals="3" coveredconditionals="0" methods="1" coveredmethods="0"/>
      <line num="54" count="0" type="stmt"/>
      <line num="57" count="0" type="stmt"/>
      <line num="58" count="0" type="cond" truecount="0" falsecount="2"/>
      <line num="60" count="0" type="stmt"/>
      <line num="65" count="0" type="stmt"/>
      <line num="66" count="0" type="stmt"/>
      <line num="69" count="0" type="stmt"/>
      <line num="71" count="0" type="stmt"/>
      <line num="75" count="0" type="stmt"/>
      <line num="81" count="0" type="stmt"/>
    </file>
    <file name="useUrl.native.ts" path="/Users/joseoliveira/Desktop/Projects/packages/react-search-params/src/lib/hooks/useUrl.native.ts">
      <metrics statements="4" coveredstatements="0" conditionals="0" coveredconditionals="0" methods="2" coveredmethods="0"/>
      <line num="25" count="0" type="stmt"/>
      <line num="26" count="0" type="stmt"/>
      <line num="27" count="0" type="stmt"/>
      <line num="28" count="0" type="stmt"/>
    </file>
    <file name="useUrl.ts" path="/Users/joseoliveira/Desktop/Projects/packages/react-search-params/src/lib/hooks/useUrl.ts">
      <metrics statements="4" coveredstatements="0" conditionals="0" coveredconditionals="0" methods="2" coveredmethods="0"/>
      <line num="25" count="0" type="stmt"/>
      <line num="26" count="0" type="stmt"/>
      <line num="27" count="0" type="stmt"/>
      <line num="28" count="0" type="stmt"/>
    </file>
  </project>
</coverage>
