{"/Users/joseoliveira/Desktop/Projects/packages/react-search-params/src/lib/hooks/useSearchParams.ts": {"path":"/Users/joseoliveira/Desktop/Projects/packages/react-search-params/src/lib/hooks/useSearchParams.ts","statementMap":{"0":{"start":{"line":54,"column":25},"end":{"line":54,"column":null}},"1":{"start":{"line":57,"column":7},"end":{"line":57,"column":null}},"2":{"start":{"line":58,"column":8},"end":{"line":58,"column":43}},"3":{"start":{"line":58,"column":63},"end":{"line":68,"column":18}},"4":{"start":{"line":60,"column":9},"end":{"line":64,"column":null}},"5":{"start":{"line":65,"column":2},"end":{"line":65,"column":null}},"6":{"start":{"line":66,"column":1},"end":{"line":66,"column":null}},"7":{"start":{"line":69,"column":8},"end":{"line":73,"column":null}},"8":{"start":{"line":71,"column":7},"end":{"line":71,"column":null}},"9":{"start":{"line":75,"column":11},"end":{"line":78,"column":null}},"10":{"start":{"line":81,"column":4},"end":{"line":81,"column":null}}},"fnMap":{"0":{"name":"(anonymous_1)","decl":{"start":{"line":71,"column":7},"end":{"line":71,"column":13}},"loc":{"start":{"line":71,"column":7},"end":{"line":71,"column":null}}}},"branchMap":{"0":{"loc":{"start":{"line":51,"column":2},"end":{"line":54,"column":17}},"type":"default-arg","locations":[{"start":{"line":51,"column":2},"end":{"line":54,"column":17}}]},"1":{"loc":{"start":{"line":58,"column":63},"end":{"line":68,"column":18}},"type":"if","locations":[{"start":{"line":58,"column":63},"end":{"line":68,"column":18}},{"start":{},"end":{}}]}},"s":{"0":0,"1":0,"2":0,"3":0,"4":0,"5":0,"6":0,"7":0,"8":0,"9":0,"10":0},"f":{"0":0},"b":{"0":[0],"1":[0,0]}}
,"/Users/joseoliveira/Desktop/Projects/packages/react-search-params/src/lib/hooks/useUrl.native.ts": {"path":"/Users/joseoliveira/Desktop/Projects/packages/react-search-params/src/lib/hooks/useUrl.native.ts","statementMap":{"0":{"start":{"line":25,"column":7},"end":{"line":25,"column":null}},"1":{"start":{"line":26,"column":30},"end":{"line":29,"column":null}},"2":{"start":{"line":27,"column":8},"end":{"line":29,"column":null}},"3":{"start":{"line":28,"column":1},"end":{"line":28,"column":null}}},"fnMap":{"0":{"name":"(anonymous_1)","decl":{"start":{"line":25,"column":7},"end":{"line":25,"column":null}},"loc":{"start":{"line":25,"column":7},"end":{"line":25,"column":null}}},"1":{"name":"(anonymous_2)","decl":{"start":{"line":27,"column":8},"end":{"line":27,"column":21}},"loc":{"start":{"line":27,"column":8},"end":{"line":29,"column":null}}}},"branchMap":{},"s":{"0":0,"1":0,"2":0,"3":0},"f":{"0":0,"1":0},"b":{}}
,"/Users/joseoliveira/Desktop/Projects/packages/react-search-params/src/lib/hooks/useUrl.ts": {"path":"/Users/joseoliveira/Desktop/Projects/packages/react-search-params/src/lib/hooks/useUrl.ts","statementMap":{"0":{"start":{"line":25,"column":7},"end":{"line":25,"column":null}},"1":{"start":{"line":26,"column":30},"end":{"line":29,"column":null}},"2":{"start":{"line":27,"column":8},"end":{"line":29,"column":null}},"3":{"start":{"line":28,"column":1},"end":{"line":28,"column":null}}},"fnMap":{"0":{"name":"(anonymous_1)","decl":{"start":{"line":25,"column":7},"end":{"line":25,"column":null}},"loc":{"start":{"line":25,"column":7},"end":{"line":25,"column":null}}},"1":{"name":"(anonymous_2)","decl":{"start":{"line":27,"column":8},"end":{"line":27,"column":21}},"loc":{"start":{"line":27,"column":8},"end":{"line":29,"column":null}}}},"branchMap":{},"s":{"0":0,"1":0,"2":0,"3":0},"f":{"0":0,"1":0},"b":{}}
}
